<?xml version="1.0" encoding="UTF-8" ?>
<testsuite tests="4" failures="0" name="com.bex.logger.TestJobLogger" time="0.134" errors="0" skipped="1">
  <properties>
    <property name="java.runtime.name" value="Java(TM) SE Runtime Environment"/>
    <property name="sun.boot.library.path" value="C:\dev\jdk1.8.0_91\jre\bin"/>
    <property name="java.vm.version" value="25.91-b15"/>
    <property name="java.vm.vendor" value="Oracle Corporation"/>
    <property name="java.vendor.url" value="http://java.oracle.com/"/>
    <property name="path.separator" value=";"/>
    <property name="guice.disable.misplaced.annotation.check" value="true"/>
    <property name="java.vm.name" value="Java HotSpot(TM) 64-Bit Server VM"/>
    <property name="file.encoding.pkg" value="sun.io"/>
    <property name="user.script" value=""/>
    <property name="user.country" value="PE"/>
    <property name="sun.java.launcher" value="SUN_STANDARD"/>
    <property name="sun.os.patch.level" value="Service Pack 1"/>
    <property name="java.vm.specification.name" value="Java Virtual Machine Specification"/>
    <property name="user.dir" value="C:\Users\S78611\test_bex"/>
    <property name="java.runtime.version" value="1.8.0_91-b15"/>
    <property name="java.awt.graphicsenv" value="sun.awt.Win32GraphicsEnvironment"/>
    <property name="java.endorsed.dirs" value="C:\dev\jdk1.8.0_91\jre\lib\endorsed"/>
    <property name="os.arch" value="amd64"/>
    <property name="java.io.tmpdir" value="C:\Users\S78611\AppData\Local\Temp\"/>
    <property name="line.separator" value="
"/>
    <property name="java.vm.specification.vendor" value="Oracle Corporation"/>
    <property name="user.variant" value=""/>
    <property name="os.name" value="Windows 7"/>
    <property name="classworlds.conf" value="C:\Users\S78611\git-nhbk\.metadata\.plugins\org.eclipse.m2e.launching\launches\m2conf6641758867548354113.tmp"/>
    <property name="sun.jnu.encoding" value="Cp1252"/>
    <property name="java.library.path" value="C:\dev\jdk1.8.0_91\bin;C:\Windows\Sun\Java\bin;C:\Windows\system32;C:\Windows;C:\Program Files (x86)\Intel\iCLS Client\;C:\Program Files\Intel\iCLS Client\;C:\Windows\system32;C:\Windows;C:\Windows\System32\Wbem;C:\Windows\System32\WindowsPowerShell\v1.0\;C:\Program Files\Intel\Intel(R) Management Engine Components\DAL;C:\Program Files (x86)\Intel\Intel(R) Management Engine Components\DAL;C:\Program Files\Intel\Intel(R) Management Engine Components\IPT;C:\Program Files (x86)\Intel\Intel(R) Management Engine Components\IPT;C:\Program Files\Intel\WiFi\bin\;C:\Program Files\Common Files\Intel\WirelessCommon\;C:\Program Files\TortoiseSVN\bin;C:\Program Files (x86)\Microsoft Application Virtualization Client;C:\mrivera\maven\apache-maven-3.3.9\bin;C:\Program Files\Apache Software Foundation\Tomcat 7.0\bin;C:\Program Files\Apache Software Foundation\Tomcat 7.0\bin;C:\gradle\bin;C:\Program Files\Git\cmd;C:\Program Files\Git\bin;C:\Program Files\Java\jdk1.7.0_79\bin;C:\Program Files\MongoDB\Server\3.4\bin;C:\ProgramData\Anaconda3;C:\Program Files\nodejs\;C:\Program Files\PuTTY\;C:\Program Files\MySQL\MySQL Server 5.5\bin;C:\Program Files\MySQL\MySQL Utilities 1.6\;C:\sonar-runner-2.4\bin;C:\Users\S78611\AppData\Roaming\npm;C:\dev\Server\3.4\bin;;."/>
    <property name="java.specification.name" value="Java Platform API Specification"/>
    <property name="java.class.version" value="52.0"/>
    <property name="sun.management.compiler" value="HotSpot 64-Bit Tiered Compilers"/>
    <property name="os.version" value="6.1"/>
    <property name="user.home" value="C:\Users\S78611"/>
    <property name="user.timezone" value="America/Bogota"/>
    <property name="java.awt.printerjob" value="sun.awt.windows.WPrinterJob"/>
    <property name="java.specification.version" value="1.8"/>
    <property name="file.encoding" value="Cp1252"/>
    <property name="user.name" value="S78611"/>
    <property name="java.class.path" value="/C:/JOSE-JUAPE/bcphbk-dev/eclipse/plugins/org.eclipse.m2e.maven.runtime_1.5.0.20140605-2032/jars/plexus-classworlds-2.5.1.jar"/>
    <property name="org.slf4j.simpleLogger.defaultLogLevel" value="info"/>
    <property name="java.vm.specification.version" value="1.8"/>
    <property name="sun.arch.data.model" value="64"/>
    <property name="java.home" value="C:\dev\jdk1.8.0_91\jre"/>
    <property name="sun.java.command" value="org.codehaus.plexus.classworlds.launcher.Launcher -B clean install"/>
    <property name="java.specification.vendor" value="Oracle Corporation"/>
    <property name="user.language" value="es"/>
    <property name="awt.toolkit" value="sun.awt.windows.WToolkit"/>
    <property name="java.vm.info" value="mixed mode"/>
    <property name="java.version" value="1.8.0_91"/>
    <property name="java.ext.dirs" value="C:\dev\jdk1.8.0_91\jre\lib\ext;C:\Windows\Sun\Java\lib\ext"/>
    <property name="sun.boot.class.path" value="C:\dev\jdk1.8.0_91\jre\lib\resources.jar;C:\dev\jdk1.8.0_91\jre\lib\rt.jar;C:\dev\jdk1.8.0_91\jre\lib\sunrsasign.jar;C:\dev\jdk1.8.0_91\jre\lib\jsse.jar;C:\dev\jdk1.8.0_91\jre\lib\jce.jar;C:\dev\jdk1.8.0_91\jre\lib\charsets.jar;C:\dev\jdk1.8.0_91\jre\lib\jfr.jar;C:\dev\jdk1.8.0_91\jre\classes"/>
    <property name="java.vendor" value="Oracle Corporation"/>
    <property name="maven.home" value="C:\Users\S78611\test_bex\EMBEDDED"/>
    <property name="file.separator" value="\"/>
    <property name="java.vendor.url.bug" value="http://bugreport.sun.com/bugreport/"/>
    <property name="sun.cpu.endian" value="little"/>
    <property name="sun.io.unicode.encoding" value="UnicodeLittle"/>
    <property name="sun.desktop" value="windows"/>
    <property name="sun.cpu.isalist" value="amd64"/>
  </properties>
  <testcase classname="com.bex.logger.TestJobLogger" name="printMessageToFile" time="0.11"/>
  <testcase classname="com.bex.logger.TestJobLogger" name="saveLogFile" time="0"/>
  <testcase classname="com.bex.logger.TestJobLogger" name="saveLogMongoDb" time="0.008">
    <skipped/>
  </testcase>
  <testcase classname="com.bex.logger.TestJobLogger" name="printMessageToConsole" time="0.016"/>
</testsuite>